Arguments: 
  C:\Program Files\nodejs\node.exe C:\Users\Administrator\AppData\Roaming\npm\node_modules\yarn\bin\yarn.js -help

PATH: 
  C:\ProgramData\Oracle\Java\javapath;C:\WINDOWS\system32;C:\WINDOWS;C:\WINDOWS\System32\Wbem;C:\WINDOWS\System32\WindowsPowerShell\v1.0\;D:\java\jre\bin;D:\java\bin;D:\apache-ant-1.9.7\bin;D:\android-sdk-windows\platforms\platform-tools;D:\android-sdk-windows\platforms\tools;D:\all software\Git\cmd;C:\Users\congcong\AppData\Local\Programs\Python\Python35\python.exe;C:\mongodb\mongodb\bin\;C:\Program Files\nodejs\;C:\ProgramData\chocolatey\bin;C:\Python27;C:\Python27\Scripts;C:\Users\Administrator\AppData\Local\Microsoft\WindowsApps;C:\Users\Administrator\AppData\Roaming\npm

Yarn version: 
  1.3.2

Node version: 
  6.11.5

Platform: 
  win32 x64

npm manifest: 
  {
    "name": "ifredom-node-blog",
    "version": "0.0.1",
    "private": true,
    "scripts": {
      "dev": "nodemon --debug ./bin/www",
      "start": "node --harmony ./bin/www ",
      "webpac": "cross-env NODE_ENV=development webpack-dev-server --open --hot",
      "test": "node --harmony ./node_modules/.bin/istanbul cover ./node_modules/.bin/_mocha"
    },
    "dependencies": {
      "axios": "^0.17.0",
      "babel-core": "^6.26.0",
      "babel-plugin-transform-runtime": "^6.23.0",
      "babel-preset-es2015": "^6.24.1",
      "babel-preset-stage-3": "^6.24.1",
      "body-parser": "~1.18.2",
      "connect-mongo": "^2.0.0",
      "cookie-parser": "~1.4.3",
      "debug": "~2.6.9",
      "express": "~4.15.5",
      "express-formidable": "^1.0.0",
      "express-session": "^1.15.6",
      "express-winston": "^2.4.0",
      "formidable": "^1.1.1",
      "moment": "^2.19.1",
      "mongoose": "^4.13.0",
      "morgan": "~1.9.0",
      "objectid-to-timestamp": "^1.3.0",
      "pug": "^2.0.0-rc.4",
      "serve-favicon": "~2.4.5",
      "sha1": "^1.1.1",
      "winston": "^2.4.0"
    },
    "devDependencies": {
      "istanbul": "^0.4.5"
    }
  }

yarn manifest: 
  No manifest

Lockfile: 
  No lockfile

Trace: 
  Error: ENOENT: no such file or directory, open 'D:\myworkspace\project node\node-blog\node_modules\babel-code-frame\node_modules\ansi-styles\index.js'
      at Error (native)
