0 info it worked if it ends with ok
1 verbose cli [ 'C:\\Program Files\\nodejs\\node.exe',
1 verbose cli   'C:\\Users\\Administrator\\AppData\\Roaming\\npm\\node_modules\\npm\\bin\\npm-cli.js',
1 verbose cli   'run',
1 verbose cli   'start' ]
2 info using npm@3.10.10
3 info using node@v6.11.1
4 verbose run-script [ 'prestart', 'start', 'poststart' ]
5 info lifecycle myapp@0.0.0~prestart: myapp@0.0.0
6 silly lifecycle myapp@0.0.0~prestart: no script for prestart, continuing
7 info lifecycle myapp@0.0.0~start: myapp@0.0.0
8 verbose lifecycle myapp@0.0.0~start: unsafe-perm in lifecycle true
9 verbose lifecycle myapp@0.0.0~start: PATH: C:\Users\Administrator\AppData\Roaming\npm\node_modules\npm\bin\node-gyp-bin;D:\webpack_test_project\test-express-generator\node_modules\.bin;C:\ProgramData\Oracle\Java\javapath;C:\Windows\system32;C:\Windows;C:\Windows\System32\Wbem;C:\Windows\System32\WindowsPowerShell\v1.0\;D:\software\iTools;D:\software\iTunes;C:\Program Files\Java\jdk1.8.0_131\bin;C:\Program Files\Java\jdk1.8.0_131\jre\bin;C:\Program Files\TortoiseSVN\bin;D:\software\cmder;C:\Program Files (x86)\Git\cmd;D:\software\apache-ant\bin;C:\Program Files (x86)\Microsoft SQL Server\100\Tools\Binn\;C:\Program Files\Microsoft SQL Server\100\Tools\Binn\;C:\Program Files\Microsoft SQL Server\100\DTS\Binn\;C:\Program Files (x86)\Microsoft SQL Server\100\Tools\Binn\VSShell\Common7\IDE\;C:\Program Files (x86)\Microsoft SQL Server\100\DTS\Binn\;C:\Program Files (x86)\Microsoft Visual Studio 9.0\Common7\IDE\PrivateAssemblies\;C:\Program Files\nodejs\;C:\Program Files (x86)\Yarn\bin;D:\software\mongodb\bin;C:\Users\Administrator\AppData\Local\Programs\Python\Python35\Scripts\;C:\Users\Administrator\AppData\Local\Programs\Python\Python35\;C:\Users\Administrator\AppData\Roaming\npm;D:\software\vscode\Microsoft VS Code\bin;C:\Users\Administrator\AppData\Local\Yarn\bin
10 verbose lifecycle myapp@0.0.0~start: CWD: D:\webpack_test_project\test-express-generator
11 silly lifecycle myapp@0.0.0~start: Args: [ '/d /s /c', 'node ./test-express-generator/bin/www' ]
12 silly lifecycle myapp@0.0.0~start: Returned: code: 1  signal: null
13 info lifecycle myapp@0.0.0~start: Failed to exec start script
14 verbose stack Error: myapp@0.0.0 start: `node ./test-express-generator/bin/www`
14 verbose stack Exit status 1
14 verbose stack     at EventEmitter.<anonymous> (C:\Users\Administrator\AppData\Roaming\npm\node_modules\npm\lib\utils\lifecycle.js:255:16)
14 verbose stack     at emitTwo (events.js:106:13)
14 verbose stack     at EventEmitter.emit (events.js:191:7)
14 verbose stack     at ChildProcess.<anonymous> (C:\Users\Administrator\AppData\Roaming\npm\node_modules\npm\lib\utils\spawn.js:40:14)
14 verbose stack     at emitTwo (events.js:106:13)
14 verbose stack     at ChildProcess.emit (events.js:191:7)
14 verbose stack     at maybeClose (internal/child_process.js:891:16)
14 verbose stack     at Process.ChildProcess._handle.onexit (internal/child_process.js:226:5)
15 verbose pkgid myapp@0.0.0
16 verbose cwd D:\webpack_test_project\test-express-generator
17 error Windows_NT 6.1.7601
18 error argv "C:\\Program Files\\nodejs\\node.exe" "C:\\Users\\Administrator\\AppData\\Roaming\\npm\\node_modules\\npm\\bin\\npm-cli.js" "run" "start"
19 error node v6.11.1
20 error npm  v3.10.10
21 error code ELIFECYCLE
22 error myapp@0.0.0 start: `node ./test-express-generator/bin/www`
22 error Exit status 1
23 error Failed at the myapp@0.0.0 start script 'node ./test-express-generator/bin/www'.
23 error Make sure you have the latest version of node.js and npm installed.
23 error If you do, this is most likely a problem with the myapp package,
23 error not with npm itself.
23 error Tell the author that this fails on your system:
23 error     node ./test-express-generator/bin/www
23 error You can get information on how to open an issue for this project with:
23 error     npm bugs myapp
23 error Or if that isn't available, you can get their info via:
23 error     npm owner ls myapp
23 error There is likely additional logging output above.
24 verbose exit [ 1, true ]
